INFO - FE cargado exitosamente - 2022-11-28 19:43:11;INFO - FE cargado exitosamente - 2022-11-28 19:51:19;INFO - Dataset cargado exitosamente - 2022-11-28 19:51:19;INFO - Variables transformadas a objetos exitosamente. - 2022-11-28 19:51:19;INFO - Split de la data - 2022-11-28 19:51:19;INFO - Modulo de FE utilizado exitosamente - 2022-11-28 19:51:19;INFO - Modelo Logistic regression - 2022-11-28 19:51:19;INFO - Modelo KNeighborsClassifier - 2022-11-28 19:51:19;INFO - Modelo SVM - 2022-11-28 19:51:19;INFO - Modelo Decision Tree - 2022-11-28 19:51:19;INFO - Modelo Random Forest - 2022-11-28 19:51:19;INFO - FE cargado exitosamente - 2022-11-28 19:52:52;
INFO - Dataset cargado exitosamente - 2022-11-28 19:52:52;
INFO - Variables transformadas a objetos exitosamente. - 2022-11-28 19:52:52;
INFO - Split de la data - 2022-11-28 19:52:52;
INFO - Modulo de FE utilizado exitosamente - 2022-11-28 19:52:52;
INFO - Modelo Logistic regression - 2022-11-28 19:52:52;
INFO - Modelo KNeighborsClassifier - 2022-11-28 19:52:53;
INFO - Modelo SVM - 2022-11-28 19:52:53;
INFO - Modelo Decision Tree - 2022-11-28 19:52:53;
INFO - Modelo Random Forest - 2022-11-28 19:52:53;
INFO - Parametros obtenidos y transformados exitosamente. - 2022-11-28 20:04:15;
INFO - FE cargado exitosamente - 2022-11-28 20:04:15;
INFO - Dataset cargado exitosamente - 2022-11-28 20:04:15;
INFO - Variables transformadas a objetos exitosamente. - 2022-11-28 20:04:15;
INFO - Split de la data - 2022-11-28 20:04:15;
INFO - Modulo de FE utilizado exitosamente - 2022-11-28 20:04:15;
INFO - Modelo Logistic regression - 2022-11-28 20:04:15;
INFO - Modelo KNeighborsClassifier - 2022-11-28 20:04:15;
INFO - Modelo SVM - 2022-11-28 20:04:15;
INFO - Modelo Decision Tree - 2022-11-28 20:04:15;
INFO - Modelo Random Forest - 2022-11-28 20:04:15;
INFO - FE cargado exitosamente - 2022-11-28 20:07:41;
INFO - Dataset cargado exitosamente - 2022-11-28 20:07:41;
INFO - Variables transformadas a objetos exitosamente. - 2022-11-28 20:07:41;
INFO - Split de la data - 2022-11-28 20:07:41;
INFO - Modulo de FE utilizado exitosamente - 2022-11-28 20:07:42;
INFO - Modelo Logistic regression - 2022-11-28 20:07:42;
INFO - Modelo KNeighborsClassifier - 2022-11-28 20:07:42;
INFO - Modelo SVM - 2022-11-28 20:07:42;
INFO - Modelo Decision Tree - 2022-11-28 20:07:42;
INFO - Modelo Random Forest - 2022-11-28 20:07:42;
INFO - Parametros obtenidos y transformados exitosamente. - 2022-11-28 20:07:42;
INFO - FE cargado exitosamente - 2022-11-28 20:18:14;
INFO - Dataset cargado exitosamente - 2022-11-28 20:18:14;
INFO - Variables transformadas a objetos exitosamente. - 2022-11-28 20:18:14;
INFO - Split de la data - 2022-11-28 20:18:14;
INFO - Modulo de FE utilizado exitosamente - 2022-11-28 20:18:14;
INFO - Modelo Logistic regression - 2022-11-28 20:18:14;
INFO - Modelo KNeighborsClassifier - 2022-11-28 20:18:14;
INFO - Modelo SVM - 2022-11-28 20:18:14;
INFO - Modelo Decision Tree - 2022-11-28 20:18:14;
INFO - Modelo Random Forest - 2022-11-28 20:18:14;
INFO - Parametros obtenidos y transformados exitosamente. - 2022-11-28 20:18:14;
INFO - FE cargado exitosamente - 2022-11-28 20:19:20;
INFO - Dataset cargado exitosamente - 2022-11-28 20:19:20;
INFO - Variables transformadas a objetos exitosamente. - 2022-11-28 20:19:20;
INFO - Split de la data - 2022-11-28 20:19:20;
INFO - Modulo de FE utilizado exitosamente - 2022-11-28 20:19:20;
INFO - Modelo Logistic regression - 2022-11-28 20:19:20;
INFO - Modelo KNeighborsClassifier - 2022-11-28 20:19:20;
INFO - Modelo SVM - 2022-11-28 20:19:20;
INFO - Modelo Decision Tree - 2022-11-28 20:19:20;
INFO - Modelo Random Forest - 2022-11-28 20:19:20;
INFO - Parametros obtenidos y transformados exitosamente. - 2022-11-28 20:19:20;
INFO - FE cargado exitosamente - 2022-11-28 20:22:03;
INFO - Dataset cargado exitosamente - 2022-11-28 20:22:03;
INFO - Variables transformadas a objetos exitosamente. - 2022-11-28 20:22:03;
INFO - Split de la data - 2022-11-28 20:22:03;
INFO - Modulo de FE utilizado exitosamente - 2022-11-28 20:22:03;
INFO - Modelo Logistic regression - 2022-11-28 20:22:03;
INFO - Modelo KNeighborsClassifier - 2022-11-28 20:22:04;
INFO - Modelo SVM - 2022-11-28 20:22:04;
INFO - Modelo Decision Tree - 2022-11-28 20:22:04;
INFO - Modelo Random Forest - 2022-11-28 20:22:04;
INFO - Parametros obtenidos y transformados exitosamente. - 2022-11-28 20:22:04;
INFO - FE cargado exitosamente - 2022-11-28 20:25:01;
INFO - Dataset cargado exitosamente - 2022-11-28 20:25:01;
INFO - Variables transformadas a objetos exitosamente. - 2022-11-28 20:25:01;
INFO - Split de la data - 2022-11-28 20:25:01;
INFO - Modulo de FE utilizado exitosamente - 2022-11-28 20:25:01;
INFO - Modelo Logistic regression - 2022-11-28 20:25:01;
INFO - Modelo KNeighborsClassifier - 2022-11-28 20:25:01;
INFO - Modelo SVM - 2022-11-28 20:25:01;
INFO - Modelo Decision Tree - 2022-11-28 20:25:01;
INFO - Modelo Random Forest - 2022-11-28 20:25:01;
INFO - Parametros obtenidos y transformados exitosamente. - 2022-11-28 20:25:01;
INFO - FE cargado exitosamente - 2022-11-28 20:25:34;
INFO - Dataset cargado exitosamente - 2022-11-28 20:25:34;
INFO - Variables transformadas a objetos exitosamente. - 2022-11-28 20:25:34;
INFO - Split de la data - 2022-11-28 20:25:34;
INFO - Modulo de FE utilizado exitosamente - 2022-11-28 20:25:34;
INFO - Modelo Logistic regression - 2022-11-28 20:25:34;
INFO - Modelo KNeighborsClassifier - 2022-11-28 20:25:35;
INFO - Modelo SVM - 2022-11-28 20:25:35;
INFO - Modelo Decision Tree - 2022-11-28 20:25:35;
INFO - Modelo Random Forest - 2022-11-28 20:25:35;
INFO - Parametros obtenidos y transformados exitosamente. - 2022-11-28 20:25:35;
INFO - FE cargado exitosamente - 2022-11-28 20:26:31;
INFO - Dataset cargado exitosamente - 2022-11-28 20:26:31;
INFO - Variables transformadas a objetos exitosamente. - 2022-11-28 20:26:31;
INFO - Split de la data - 2022-11-28 20:26:31;
INFO - Modulo de FE utilizado exitosamente - 2022-11-28 20:26:31;
INFO - Modelo Logistic regression - 2022-11-28 20:26:31;
INFO - Modelo KNeighborsClassifier - 2022-11-28 20:26:31;
INFO - Modelo SVM - 2022-11-28 20:26:31;
INFO - Modelo Decision Tree - 2022-11-28 20:26:31;
INFO - Modelo Random Forest - 2022-11-28 20:26:31;
INFO - Parametros obtenidos y transformados exitosamente. - 2022-11-28 20:26:31;
INFO - FE cargado exitosamente - 2022-11-28 20:28:04;
INFO - Dataset cargado exitosamente - 2022-11-28 20:28:04;
INFO - Variables transformadas a objetos exitosamente. - 2022-11-28 20:28:04;
INFO - Split de la data - 2022-11-28 20:28:04;
INFO - Modulo de FE utilizado exitosamente - 2022-11-28 20:28:04;
INFO - Modelo Logistic regression - 2022-11-28 20:28:04;
INFO - Modelo KNeighborsClassifier - 2022-11-28 20:28:04;
INFO - Modelo SVM - 2022-11-28 20:28:04;
INFO - Modelo Decision Tree - 2022-11-28 20:28:04;
INFO - Modelo Random Forest - 2022-11-28 20:28:04;
INFO - Parametros obtenidos y transformados exitosamente. - 2022-11-28 20:28:04;
INFO - FE cargado exitosamente - 2022-11-28 20:29:18;
INFO - Dataset cargado exitosamente - 2022-11-28 20:29:18;
INFO - Variables transformadas a objetos exitosamente. - 2022-11-28 20:29:18;
INFO - Split de la data - 2022-11-28 20:29:18;
INFO - Modulo de FE utilizado exitosamente - 2022-11-28 20:29:18;
INFO - Modelo Logistic regression - 2022-11-28 20:29:18;
INFO - Modelo KNeighborsClassifier - 2022-11-28 20:29:18;
INFO - Modelo SVM - 2022-11-28 20:29:18;
INFO - Modelo Decision Tree - 2022-11-28 20:29:18;
INFO - Modelo Random Forest - 2022-11-28 20:29:18;
INFO - Parametros obtenidos y transformados exitosamente. - 2022-11-28 20:29:18;
INFO - FE cargado exitosamente - 2022-11-28 20:29:36;
INFO - Dataset cargado exitosamente - 2022-11-28 20:29:36;
INFO - Variables transformadas a objetos exitosamente. - 2022-11-28 20:29:36;
INFO - Split de la data - 2022-11-28 20:29:36;
INFO - Modulo de FE utilizado exitosamente - 2022-11-28 20:29:36;
INFO - Modelo Logistic regression - 2022-11-28 20:29:36;
INFO - Modelo KNeighborsClassifier - 2022-11-28 20:29:36;
INFO - Modelo SVM - 2022-11-28 20:29:36;
INFO - Modelo Decision Tree - 2022-11-28 20:29:36;
INFO - Modelo Random Forest - 2022-11-28 20:29:36;
INFO - Parametros obtenidos y transformados exitosamente. - 2022-11-28 20:29:36;
INFO - FE cargado exitosamente - 2022-11-28 20:31:55;
INFO - Dataset cargado exitosamente - 2022-11-28 20:31:55;
INFO - Variables transformadas a objetos exitosamente. - 2022-11-28 20:31:55;
INFO - Split de la data - 2022-11-28 20:31:55;
INFO - Modulo de FE utilizado exitosamente - 2022-11-28 20:31:55;
INFO - Modelo Logistic regression - 2022-11-28 20:31:55;
INFO - Modelo KNeighborsClassifier - 2022-11-28 20:31:55;
INFO - Modelo SVM - 2022-11-28 20:31:55;
INFO - Modelo Decision Tree - 2022-11-28 20:31:55;
INFO - Modelo Random Forest - 2022-11-28 20:31:55;
INFO - Parametros obtenidos y transformados exitosamente. - 2022-11-28 20:31:55;
INFO - FE cargado exitosamente - 2022-11-28 20:32:27;
INFO - Dataset cargado exitosamente - 2022-11-28 20:32:27;
INFO - Variables transformadas a objetos exitosamente. - 2022-11-28 20:32:27;
INFO - Split de la data - 2022-11-28 20:32:27;
INFO - Modulo de FE utilizado exitosamente - 2022-11-28 20:32:27;
INFO - Modelo Logistic regression - 2022-11-28 20:32:27;
INFO - Modelo KNeighborsClassifier - 2022-11-28 20:32:27;
INFO - Modelo SVM - 2022-11-28 20:32:27;
INFO - Modelo Decision Tree - 2022-11-28 20:32:27;
INFO - Modelo Random Forest - 2022-11-28 20:32:27;
INFO - Parametros obtenidos y transformados exitosamente. - 2022-11-28 20:32:27;
INFO - FE cargado exitosamente - 2022-11-28 20:33:14;
INFO - Dataset cargado exitosamente - 2022-11-28 20:33:14;
INFO - Variables transformadas a objetos exitosamente. - 2022-11-28 20:33:14;
INFO - Split de la data - 2022-11-28 20:33:14;
INFO - Modulo de FE utilizado exitosamente - 2022-11-28 20:33:14;
INFO - Modelo Logistic regression - 2022-11-28 20:33:14;
INFO - Modelo KNeighborsClassifier - 2022-11-28 20:33:14;
INFO - Modelo SVM - 2022-11-28 20:33:14;
INFO - Modelo Decision Tree - 2022-11-28 20:33:14;
INFO - Modelo Random Forest - 2022-11-28 20:33:14;
INFO - Parametros obtenidos y transformados exitosamente. - 2022-11-28 20:33:14;
INFO - FE cargado exitosamente - 2022-11-28 20:37:25;
INFO - Dataset cargado exitosamente - 2022-11-28 20:37:25;
INFO - Variables transformadas a objetos exitosamente. - 2022-11-28 20:37:25;
INFO - Split de la data - 2022-11-28 20:37:25;
INFO - Modulo de FE utilizado exitosamente - 2022-11-28 20:37:25;
INFO - Modelo Logistic regression - 2022-11-28 20:37:26;
INFO - Modelo KNeighborsClassifier - 2022-11-28 20:37:26;
INFO - Modelo SVM - 2022-11-28 20:37:26;
INFO - Modelo Decision Tree - 2022-11-28 20:37:26;
INFO - Modelo Random Forest - 2022-11-28 20:37:26;
INFO - Parametros obtenidos y transformados exitosamente. - 2022-11-28 20:37:26;
INFO - FE cargado exitosamente - 2022-11-28 20:38:40;
INFO - Dataset cargado exitosamente - 2022-11-28 20:38:40;
INFO - Variables transformadas a objetos exitosamente. - 2022-11-28 20:38:40;
INFO - Split de la data - 2022-11-28 20:38:40;
INFO - Modulo de FE utilizado exitosamente - 2022-11-28 20:38:40;
INFO - Modelo Logistic regression - 2022-11-28 20:38:40;
INFO - Modelo KNeighborsClassifier - 2022-11-28 20:38:40;
INFO - Modelo SVM - 2022-11-28 20:38:40;
INFO - Modelo Decision Tree - 2022-11-28 20:38:40;
INFO - Modelo Random Forest - 2022-11-28 20:38:40;
INFO - Parametros obtenidos y transformados exitosamente. - 2022-11-28 20:38:40;
INFO - FE cargado exitosamente - 2022-11-28 20:38:49;
INFO - Dataset cargado exitosamente - 2022-11-28 20:38:49;
INFO - Variables transformadas a objetos exitosamente. - 2022-11-28 20:38:49;
INFO - Split de la data - 2022-11-28 20:38:49;
INFO - Modulo de FE utilizado exitosamente - 2022-11-28 20:38:49;
INFO - Modelo Logistic regression - 2022-11-28 20:38:49;
INFO - Modelo KNeighborsClassifier - 2022-11-28 20:38:49;
INFO - Modelo SVM - 2022-11-28 20:38:49;
INFO - Modelo Decision Tree - 2022-11-28 20:38:49;
INFO - Modelo Random Forest - 2022-11-28 20:38:49;
INFO - Parametros obtenidos y transformados exitosamente. - 2022-11-28 20:38:49;
INFO - FE cargado exitosamente - 2022-11-28 20:39:27;
INFO - Dataset cargado exitosamente - 2022-11-28 20:39:27;
INFO - Variables transformadas a objetos exitosamente. - 2022-11-28 20:39:27;
INFO - Split de la data - 2022-11-28 20:39:27;
INFO - Modulo de FE utilizado exitosamente - 2022-11-28 20:39:27;
INFO - Modelo Logistic regression - 2022-11-28 20:39:27;
INFO - Modelo KNeighborsClassifier - 2022-11-28 20:39:27;
INFO - Modelo SVM - 2022-11-28 20:39:27;
INFO - Modelo Decision Tree - 2022-11-28 20:39:27;
INFO - Modelo Random Forest - 2022-11-28 20:39:27;
INFO - FE cargado exitosamente - 2022-11-28 20:40:18;
INFO - Dataset cargado exitosamente - 2022-11-28 20:40:18;
INFO - Variables transformadas a objetos exitosamente. - 2022-11-28 20:40:18;
INFO - Split de la data - 2022-11-28 20:40:18;
INFO - Modulo de FE utilizado exitosamente - 2022-11-28 20:40:18;
INFO - Modelo Logistic regression - 2022-11-28 20:40:18;
INFO - Modelo KNeighborsClassifier - 2022-11-28 20:40:19;
INFO - Modelo SVM - 2022-11-28 20:40:19;
INFO - Modelo Decision Tree - 2022-11-28 20:40:19;
INFO - Modelo Random Forest - 2022-11-28 20:40:19;
INFO - FE cargado exitosamente - 2022-11-28 20:40:48;
INFO - Dataset cargado exitosamente - 2022-11-28 20:40:48;
INFO - Variables transformadas a objetos exitosamente. - 2022-11-28 20:40:48;
INFO - Split de la data - 2022-11-28 20:40:48;
INFO - Modulo de FE utilizado exitosamente - 2022-11-28 20:40:48;
INFO - Modelo Logistic regression - 2022-11-28 20:40:48;
INFO - Modelo KNeighborsClassifier - 2022-11-28 20:40:48;
INFO - Modelo SVM - 2022-11-28 20:40:48;
INFO - Modelo Decision Tree - 2022-11-28 20:40:48;
INFO - Modelo Random Forest - 2022-11-28 20:40:48;
INFO - Parametros obtenidos y transformados exitosamente. - 2022-11-28 20:40:48;
INFO - FE cargado exitosamente - 2022-11-28 20:46:26;
INFO - Dataset cargado exitosamente - 2022-11-28 20:46:26;
INFO - Variables transformadas a objetos exitosamente. - 2022-11-28 20:46:26;
INFO - Split de la data - 2022-11-28 20:46:26;
INFO - Modulo de FE utilizado exitosamente - 2022-11-28 20:46:26;
INFO - Modelo Logistic regression - 2022-11-28 20:46:26;
INFO - Modelo KNeighborsClassifier - 2022-11-28 20:46:26;
INFO - Modelo SVM - 2022-11-28 20:46:26;
INFO - Modelo Decision Tree - 2022-11-28 20:46:26;
INFO - Modelo Random Forest - 2022-11-28 20:46:26;
INFO - Parametros obtenidos y transformados exitosamente. - 2022-11-28 20:46:26;
INFO - FE cargado exitosamente - 2022-11-28 20:51:55;
INFO - Dataset cargado exitosamente - 2022-11-28 20:51:55;
INFO - Variables transformadas a objetos exitosamente. - 2022-11-28 20:51:55;
INFO - Split de la data - 2022-11-28 20:51:55;
INFO - Modulo de FE utilizado exitosamente - 2022-11-28 20:51:55;
INFO - Modelo Logistic regression - 2022-11-28 20:51:55;
INFO - Modelo KNeighborsClassifier - 2022-11-28 20:51:56;
INFO - Modelo SVM - 2022-11-28 20:51:56;
INFO - Modelo Decision Tree - 2022-11-28 20:51:56;
INFO - Modelo Random Forest - 2022-11-28 20:51:56;
INFO - Parametros obtenidos y transformados exitosamente. - 2022-11-28 20:51:56;
INFO - FE cargado exitosamente - 2022-11-28 20:54:10;
INFO - Dataset cargado exitosamente - 2022-11-28 20:54:10;
INFO - Variables transformadas a objetos exitosamente. - 2022-11-28 20:54:10;
INFO - Split de la data - 2022-11-28 20:54:10;
INFO - Modulo de FE utilizado exitosamente - 2022-11-28 20:54:10;
INFO - Modelo Logistic regression - 2022-11-28 20:54:10;
INFO - Modelo KNeighborsClassifier - 2022-11-28 20:54:10;
INFO - Modelo SVM - 2022-11-28 20:54:10;
INFO - Modelo Decision Tree - 2022-11-28 20:54:10;
INFO - Modelo Random Forest - 2022-11-28 20:54:10;
INFO - Parametros obtenidos y transformados exitosamente. - 2022-11-28 20:54:10;
INFO - FE cargado exitosamente - 2022-11-28 20:59:34;
INFO - Dataset cargado exitosamente - 2022-11-28 20:59:34;
INFO - Variables transformadas a objetos exitosamente. - 2022-11-28 20:59:34;
INFO - Split de la data - 2022-11-28 20:59:34;
INFO - Modulo de FE utilizado exitosamente - 2022-11-28 20:59:34;
INFO - Modelo Logistic regression - 2022-11-28 20:59:34;
INFO - Modelo KNeighborsClassifier - 2022-11-28 20:59:34;
INFO - Modelo SVM - 2022-11-28 20:59:34;
INFO - Modelo Decision Tree - 2022-11-28 20:59:34;
INFO - Modelo Random Forest - 2022-11-28 20:59:34;
INFO - Parametros obtenidos y transformados exitosamente. - 2022-11-28 20:59:34;
INFO - FE cargado exitosamente - 2022-11-28 21:03:16;
INFO - Dataset cargado exitosamente - 2022-11-28 21:03:16;
INFO - Variables transformadas a objetos exitosamente. - 2022-11-28 21:03:16;
INFO - Split de la data - 2022-11-28 21:03:16;
INFO - Modulo de FE utilizado exitosamente - 2022-11-28 21:03:16;
INFO - Modelo Logistic regression - 2022-11-28 21:03:16;
INFO - Modelo KNeighborsClassifier - 2022-11-28 21:03:16;
INFO - Modelo SVM - 2022-11-28 21:03:16;
INFO - Modelo Decision Tree - 2022-11-28 21:03:16;
INFO - Modelo Random Forest - 2022-11-28 21:03:16;
INFO - Parametros obtenidos y transformados exitosamente. - 2022-11-28 21:03:16;
INFO - FE cargado exitosamente - 2022-11-28 21:08:44;
INFO - Dataset cargado exitosamente - 2022-11-28 21:08:44;
INFO - Variables transformadas a objetos exitosamente. - 2022-11-28 21:08:44;
INFO - Split de la data - 2022-11-28 21:08:44;
INFO - Modulo de FE utilizado exitosamente - 2022-11-28 21:08:44;
INFO - Modelo Logistic regression - 2022-11-28 21:08:44;
INFO - Modelo KNeighborsClassifier - 2022-11-28 21:08:45;
INFO - Modelo SVM - 2022-11-28 21:08:45;
INFO - Modelo Decision Tree - 2022-11-28 21:08:45;
INFO - Modelo Random Forest - 2022-11-28 21:08:45;
INFO - Parametros obtenidos y transformados exitosamente. - 2022-11-28 21:08:45;
INFO - FE cargado exitosamente - 2022-11-28 21:09:24;
INFO - Dataset cargado exitosamente - 2022-11-28 21:09:24;
INFO - Variables transformadas a objetos exitosamente. - 2022-11-28 21:09:24;
INFO - Split de la data - 2022-11-28 21:09:24;
INFO - Modulo de FE utilizado exitosamente - 2022-11-28 21:09:24;
INFO - Modelo Logistic regression - 2022-11-28 21:09:24;
INFO - Modelo KNeighborsClassifier - 2022-11-28 21:09:24;
INFO - Modelo SVM - 2022-11-28 21:09:24;
INFO - Modelo Decision Tree - 2022-11-28 21:09:24;
INFO - Modelo Random Forest - 2022-11-28 21:09:24;
INFO - Parametros obtenidos y transformados exitosamente. - 2022-11-28 21:09:24;
INFO - FE cargado exitosamente - 2022-11-28 21:09:49;
INFO - Dataset cargado exitosamente - 2022-11-28 21:09:49;
INFO - Variables transformadas a objetos exitosamente. - 2022-11-28 21:09:49;
INFO - Split de la data - 2022-11-28 21:09:49;
INFO - Modulo de FE utilizado exitosamente - 2022-11-28 21:09:49;
INFO - Modelo Logistic regression - 2022-11-28 21:09:49;
INFO - Modelo KNeighborsClassifier - 2022-11-28 21:09:49;
INFO - Modelo SVM - 2022-11-28 21:09:49;
INFO - Modelo Decision Tree - 2022-11-28 21:09:49;
INFO - Modelo Random Forest - 2022-11-28 21:09:49;
INFO - Parametros obtenidos y transformados exitosamente. - 2022-11-28 21:09:49;
INFO - FE cargado exitosamente - 2022-11-28 21:11:17;
INFO - Dataset cargado exitosamente - 2022-11-28 21:11:17;
INFO - Variables transformadas a objetos exitosamente. - 2022-11-28 21:11:17;
INFO - Split de la data - 2022-11-28 21:11:17;
INFO - Modulo de FE utilizado exitosamente - 2022-11-28 21:11:17;
INFO - Modelo Logistic regression - 2022-11-28 21:11:17;
INFO - Modelo KNeighborsClassifier - 2022-11-28 21:11:17;
INFO - Modelo SVM - 2022-11-28 21:11:17;
INFO - Modelo Decision Tree - 2022-11-28 21:11:17;
INFO - Modelo Random Forest - 2022-11-28 21:11:17;
INFO - Parametros obtenidos y transformados exitosamente. - 2022-11-28 21:11:17;
INFO - FE cargado exitosamente - 2022-11-28 21:12:22;
INFO - Dataset cargado exitosamente - 2022-11-28 21:12:22;
INFO - Variables transformadas a objetos exitosamente. - 2022-11-28 21:12:22;
INFO - Split de la data - 2022-11-28 21:12:22;
INFO - Modulo de FE utilizado exitosamente - 2022-11-28 21:12:22;
INFO - Modelo Logistic regression - 2022-11-28 21:12:22;
INFO - Modelo KNeighborsClassifier - 2022-11-28 21:12:22;
INFO - Modelo SVM - 2022-11-28 21:12:22;
INFO - Modelo Decision Tree - 2022-11-28 21:12:22;
INFO - Modelo Random Forest - 2022-11-28 21:12:22;
INFO - Parametros obtenidos y transformados exitosamente. - 2022-11-28 21:12:22;
INFO - FE cargado exitosamente - 2022-11-28 21:14:09;
INFO - Dataset cargado exitosamente - 2022-11-28 21:14:09;
INFO - Variables transformadas a objetos exitosamente. - 2022-11-28 21:14:09;
INFO - Split de la data - 2022-11-28 21:14:09;
INFO - Modulo de FE utilizado exitosamente - 2022-11-28 21:14:09;
INFO - Modelo Logistic regression - 2022-11-28 21:14:09;
INFO - Modelo KNeighborsClassifier - 2022-11-28 21:14:09;
INFO - Modelo SVM - 2022-11-28 21:14:09;
INFO - Modelo Decision Tree - 2022-11-28 21:14:09;
INFO - Modelo Random Forest - 2022-11-28 21:14:09;
INFO - Parametros obtenidos y transformados exitosamente. - 2022-11-28 21:14:09;
INFO - FE cargado exitosamente - 2022-11-28 21:15:03;
INFO - Dataset cargado exitosamente - 2022-11-28 21:15:03;
INFO - Variables transformadas a objetos exitosamente. - 2022-11-28 21:15:03;
INFO - Split de la data - 2022-11-28 21:15:03;
INFO - Modulo de FE utilizado exitosamente - 2022-11-28 21:15:03;
INFO - Modelo Logistic regression - 2022-11-28 21:15:03;
INFO - Modelo KNeighborsClassifier - 2022-11-28 21:15:03;
INFO - Modelo SVM - 2022-11-28 21:15:03;
INFO - Modelo Decision Tree - 2022-11-28 21:15:03;
INFO - Modelo Random Forest - 2022-11-28 21:15:03;
INFO - Parametros obtenidos y transformados exitosamente. - 2022-11-28 21:15:03;
INFO - FE cargado exitosamente - 2022-11-28 21:16:20;
INFO - Dataset cargado exitosamente - 2022-11-28 21:16:20;
INFO - Variables transformadas a objetos exitosamente. - 2022-11-28 21:16:20;
INFO - Split de la data - 2022-11-28 21:16:20;
INFO - Modulo de FE utilizado exitosamente - 2022-11-28 21:16:20;
INFO - Modelo Logistic regression - 2022-11-28 21:16:20;
INFO - Modelo KNeighborsClassifier - 2022-11-28 21:16:20;
INFO - Modelo SVM - 2022-11-28 21:16:20;
INFO - Modelo Decision Tree - 2022-11-28 21:16:20;
INFO - Modelo Random Forest - 2022-11-28 21:16:20;
INFO - Parametros obtenidos y transformados exitosamente. - 2022-11-28 21:16:20;
INFO - FE cargado exitosamente - 2022-11-28 21:18:17;
INFO - Dataset cargado exitosamente - 2022-11-28 21:18:17;
INFO - Variables transformadas a objetos exitosamente. - 2022-11-28 21:18:17;
INFO - Split de la data - 2022-11-28 21:18:17;
INFO - Modulo de FE utilizado exitosamente - 2022-11-28 21:18:17;
INFO - Modelo Logistic regression - 2022-11-28 21:18:17;
INFO - Modelo KNeighborsClassifier - 2022-11-28 21:18:17;
INFO - Modelo SVM - 2022-11-28 21:18:17;
INFO - Modelo Decision Tree - 2022-11-28 21:18:17;
INFO - Modelo Random Forest - 2022-11-28 21:18:17;
INFO - FE cargado exitosamente - 2022-11-28 21:18:49;
INFO - Dataset cargado exitosamente - 2022-11-28 21:18:49;
INFO - Variables transformadas a objetos exitosamente. - 2022-11-28 21:18:49;
INFO - Split de la data - 2022-11-28 21:18:49;
INFO - Modulo de FE utilizado exitosamente - 2022-11-28 21:18:49;
INFO - Modelo Logistic regression - 2022-11-28 21:18:49;
INFO - Modelo KNeighborsClassifier - 2022-11-28 21:18:49;
INFO - Modelo SVM - 2022-11-28 21:18:49;
INFO - Modelo Decision Tree - 2022-11-28 21:18:49;
INFO - Modelo Random Forest - 2022-11-28 21:18:49;
INFO - Parametros obtenidos y transformados exitosamente. - 2022-11-28 21:18:49;
INFO - FE cargado exitosamente - 2022-11-28 21:20:08;
INFO - Dataset cargado exitosamente - 2022-11-28 21:20:08;
INFO - Variables transformadas a objetos exitosamente. - 2022-11-28 21:20:08;
INFO - Split de la data - 2022-11-28 21:20:08;
INFO - Modulo de FE utilizado exitosamente - 2022-11-28 21:20:08;
INFO - Modelo Logistic regression - 2022-11-28 21:20:08;
INFO - Modelo KNeighborsClassifier - 2022-11-28 21:20:08;
INFO - Modelo SVM - 2022-11-28 21:20:08;
INFO - Modelo Decision Tree - 2022-11-28 21:20:08;
INFO - Modelo Random Forest - 2022-11-28 21:20:08;
INFO - Parametros obtenidos y transformados exitosamente. - 2022-11-28 21:20:08;
INFO - FE cargado exitosamente - 2022-11-28 21:21:17;
INFO - Dataset cargado exitosamente - 2022-11-28 21:21:17;
INFO - Variables transformadas a objetos exitosamente. - 2022-11-28 21:21:17;
INFO - Split de la data - 2022-11-28 21:21:17;
INFO - Modulo de FE utilizado exitosamente - 2022-11-28 21:21:17;
INFO - Modelo Logistic regression - 2022-11-28 21:21:17;
INFO - Modelo KNeighborsClassifier - 2022-11-28 21:21:17;
INFO - Modelo SVM - 2022-11-28 21:21:17;
INFO - Modelo Decision Tree - 2022-11-28 21:21:17;
INFO - Modelo Random Forest - 2022-11-28 21:21:17;
INFO - Parametros obtenidos y transformados exitosamente. - 2022-11-28 21:21:17;
INFO - FE cargado exitosamente - 2022-11-28 21:22:50;
INFO - Dataset cargado exitosamente - 2022-11-28 21:22:50;
INFO - Variables transformadas a objetos exitosamente. - 2022-11-28 21:22:50;
INFO - Split de la data - 2022-11-28 21:22:50;
INFO - Modulo de FE utilizado exitosamente - 2022-11-28 21:22:50;
INFO - Modelo Logistic regression - 2022-11-28 21:22:50;
INFO - Modelo KNeighborsClassifier - 2022-11-28 21:22:50;
INFO - Modelo SVM - 2022-11-28 21:22:50;
INFO - Modelo Decision Tree - 2022-11-28 21:22:50;
INFO - Modelo Random Forest - 2022-11-28 21:22:50;
INFO - Parametros obtenidos y transformados exitosamente. - 2022-11-28 21:22:50;
INFO - FE cargado exitosamente - 2022-11-28 21:23:10;
INFO - Dataset cargado exitosamente - 2022-11-28 21:23:10;
INFO - Variables transformadas a objetos exitosamente. - 2022-11-28 21:23:10;
INFO - Split de la data - 2022-11-28 21:23:10;
INFO - Modulo de FE utilizado exitosamente - 2022-11-28 21:23:10;
INFO - Modelo Logistic regression - 2022-11-28 21:23:10;
INFO - Modelo KNeighborsClassifier - 2022-11-28 21:23:10;
INFO - Modelo SVM - 2022-11-28 21:23:10;
INFO - Modelo Decision Tree - 2022-11-28 21:23:10;
INFO - Modelo Random Forest - 2022-11-28 21:23:10;
INFO - FE cargado exitosamente - 2022-11-28 21:23:33;
INFO - Dataset cargado exitosamente - 2022-11-28 21:23:33;
INFO - Variables transformadas a objetos exitosamente. - 2022-11-28 21:23:33;
INFO - Split de la data - 2022-11-28 21:23:33;
INFO - Modulo de FE utilizado exitosamente - 2022-11-28 21:23:33;
INFO - Modelo Logistic regression - 2022-11-28 21:23:33;
INFO - Modelo KNeighborsClassifier - 2022-11-28 21:23:33;
INFO - Modelo SVM - 2022-11-28 21:23:33;
INFO - Modelo Decision Tree - 2022-11-28 21:23:33;
INFO - Modelo Random Forest - 2022-11-28 21:23:33;
INFO - Parametros obtenidos y transformados exitosamente. - 2022-11-28 21:23:33;
INFO - FE cargado exitosamente - 2022-11-28 21:24:20;
INFO - Dataset cargado exitosamente - 2022-11-28 21:24:20;
INFO - Variables transformadas a objetos exitosamente. - 2022-11-28 21:24:20;
INFO - Split de la data - 2022-11-28 21:24:20;
INFO - Modulo de FE utilizado exitosamente - 2022-11-28 21:24:20;
INFO - Modelo Logistic regression - 2022-11-28 21:24:20;
INFO - Modelo KNeighborsClassifier - 2022-11-28 21:24:20;
INFO - Modelo SVM - 2022-11-28 21:24:20;
INFO - Modelo Decision Tree - 2022-11-28 21:24:20;
INFO - Modelo Random Forest - 2022-11-28 21:24:21;
INFO - Parametros obtenidos y transformados exitosamente. - 2022-11-28 21:24:21;
INFO - FE cargado exitosamente - 2022-11-28 21:24:41;
INFO - Dataset cargado exitosamente - 2022-11-28 21:24:41;
INFO - Variables transformadas a objetos exitosamente. - 2022-11-28 21:24:41;
INFO - Split de la data - 2022-11-28 21:24:41;
INFO - Modulo de FE utilizado exitosamente - 2022-11-28 21:24:41;
INFO - Modelo Logistic regression - 2022-11-28 21:24:41;
INFO - Modelo KNeighborsClassifier - 2022-11-28 21:24:41;
INFO - Modelo SVM - 2022-11-28 21:24:41;
INFO - Modelo Decision Tree - 2022-11-28 21:24:41;
INFO - Modelo Random Forest - 2022-11-28 21:24:41;
INFO - Parametros obtenidos y transformados exitosamente. - 2022-11-28 21:24:41;
INFO - FE cargado exitosamente - 2022-11-28 21:25:14;
INFO - Dataset cargado exitosamente - 2022-11-28 21:25:14;
INFO - Variables transformadas a objetos exitosamente. - 2022-11-28 21:25:14;
INFO - Split de la data - 2022-11-28 21:25:14;
INFO - Modulo de FE utilizado exitosamente - 2022-11-28 21:25:14;
INFO - Modelo Logistic regression - 2022-11-28 21:25:14;
INFO - Modelo KNeighborsClassifier - 2022-11-28 21:25:14;
INFO - Modelo SVM - 2022-11-28 21:25:14;
INFO - Modelo Decision Tree - 2022-11-28 21:25:14;
INFO - Modelo Random Forest - 2022-11-28 21:25:14;
INFO - Parametros obtenidos y transformados exitosamente. - 2022-11-28 21:25:14;
INFO - FE cargado exitosamente - 2022-11-28 21:28:26;
INFO - Dataset cargado exitosamente - 2022-11-28 21:28:26;
INFO - Variables transformadas a objetos exitosamente. - 2022-11-28 21:28:26;
INFO - Split de la data - 2022-11-28 21:28:26;
INFO - Modulo de FE utilizado exitosamente - 2022-11-28 21:28:26;
INFO - Modelo Logistic regression - 2022-11-28 21:28:26;
INFO - Modelo KNeighborsClassifier - 2022-11-28 21:28:26;
INFO - Modelo SVM - 2022-11-28 21:28:26;
INFO - Modelo Decision Tree - 2022-11-28 21:28:26;
INFO - Modelo Random Forest - 2022-11-28 21:28:26;
INFO - Parametros obtenidos y transformados exitosamente. - 2022-11-28 21:28:26;
INFO - FE cargado exitosamente - 2022-11-28 21:30:20;
INFO - Dataset cargado exitosamente - 2022-11-28 21:30:20;
INFO - Variables transformadas a objetos exitosamente. - 2022-11-28 21:30:20;
INFO - Split de la data - 2022-11-28 21:30:20;
INFO - Modulo de FE utilizado exitosamente - 2022-11-28 21:30:20;
INFO - Modelo Logistic regression - 2022-11-28 21:30:20;
INFO - Modelo KNeighborsClassifier - 2022-11-28 21:30:20;
INFO - Modelo SVM - 2022-11-28 21:30:20;
INFO - Modelo Decision Tree - 2022-11-28 21:30:20;
INFO - Modelo Random Forest - 2022-11-28 21:30:20;
INFO - Parametros obtenidos y transformados exitosamente. - 2022-11-28 21:30:20;
INFO - FE cargado exitosamente - 2022-11-28 21:32:15;
INFO - Dataset cargado exitosamente - 2022-11-28 21:32:15;
INFO - Variables transformadas a objetos exitosamente. - 2022-11-28 21:32:15;
INFO - Split de la data - 2022-11-28 21:32:15;
INFO - Modulo de FE utilizado exitosamente - 2022-11-28 21:32:15;
INFO - Modelo Logistic regression - 2022-11-28 21:32:15;
INFO - Modelo KNeighborsClassifier - 2022-11-28 21:32:15;
INFO - Modelo SVM - 2022-11-28 21:32:15;
INFO - Modelo Decision Tree - 2022-11-28 21:32:15;
INFO - Modelo Random Forest - 2022-11-28 21:32:15;
INFO - Parametros obtenidos y transformados exitosamente. - 2022-11-28 21:32:15;
INFO - FE cargado exitosamente - 2022-11-28 21:33:15;
INFO - Dataset cargado exitosamente - 2022-11-28 21:33:15;
INFO - Variables transformadas a objetos exitosamente. - 2022-11-28 21:33:15;
INFO - Split de la data - 2022-11-28 21:33:15;
INFO - Modulo de FE utilizado exitosamente - 2022-11-28 21:33:15;
INFO - Modelo Logistic regression - 2022-11-28 21:33:15;
INFO - Modelo KNeighborsClassifier - 2022-11-28 21:33:15;
INFO - Modelo SVM - 2022-11-28 21:33:15;
INFO - Modelo Decision Tree - 2022-11-28 21:33:15;
INFO - Modelo Random Forest - 2022-11-28 21:33:16;
INFO - Parametros obtenidos y transformados exitosamente. - 2022-11-28 21:33:16;
INFO - FE cargado exitosamente - 2022-11-28 21:45:33;
INFO - Dataset cargado exitosamente - 2022-11-28 21:45:33;
INFO - Variables transformadas a objetos exitosamente. - 2022-11-28 21:45:33;
INFO - Split de la data - 2022-11-28 21:45:33;
INFO - Modulo de FE utilizado exitosamente - 2022-11-28 21:45:33;
INFO - Modelo Logistic regression - 2022-11-28 21:45:33;
INFO - Modelo KNeighborsClassifier - 2022-11-28 21:45:33;
INFO - Modelo SVM - 2022-11-28 21:45:33;
INFO - Modelo Decision Tree - 2022-11-28 21:45:33;
INFO - Modelo Random Forest - 2022-11-28 21:45:33;
INFO - Parametros obtenidos y transformados exitosamente. - 2022-11-28 21:45:33;
INFO - FE cargado exitosamente - 2022-11-28 22:08:26;
INFO - Dataset cargado exitosamente - 2022-11-28 22:08:26;
INFO - Variables transformadas a objetos exitosamente. - 2022-11-28 22:08:26;
INFO - Split de la data - 2022-11-28 22:08:26;
INFO - Modulo de FE utilizado exitosamente - 2022-11-28 22:08:26;
INFO - Modelo Logistic regression - 2022-11-28 22:08:26;
INFO - Modelo KNeighborsClassifier - 2022-11-28 22:08:26;
INFO - Modelo SVM - 2022-11-28 22:08:26;
INFO - Modelo Decision Tree - 2022-11-28 22:08:26;
INFO - Modelo Random Forest - 2022-11-28 22:08:26;
INFO - Parametros obtenidos y transformados exitosamente. - 2022-11-28 22:08:26;
INFO - FE cargado exitosamente - 2022-11-28 22:10:36;
INFO - Dataset cargado exitosamente - 2022-11-28 22:10:36;
INFO - Variables transformadas a objetos exitosamente. - 2022-11-28 22:10:36;
INFO - Split de la data - 2022-11-28 22:10:36;
INFO - Modulo de FE utilizado exitosamente - 2022-11-28 22:10:36;
INFO - Modelo Logistic regression - 2022-11-28 22:10:36;
INFO - Modelo KNeighborsClassifier - 2022-11-28 22:10:36;
INFO - Modelo SVM - 2022-11-28 22:10:36;
INFO - Modelo Decision Tree - 2022-11-28 22:10:36;
INFO - Modelo Random Forest - 2022-11-28 22:10:36;
INFO - Parametros obtenidos y transformados exitosamente. - 2022-11-28 22:10:36;
INFO - FE cargado exitosamente - 2022-11-28 22:11:51;
INFO - Dataset cargado exitosamente - 2022-11-28 22:11:51;
INFO - Variables transformadas a objetos exitosamente. - 2022-11-28 22:11:51;
INFO - Split de la data - 2022-11-28 22:11:51;
INFO - Modulo de FE utilizado exitosamente - 2022-11-28 22:11:51;
INFO - Modelo Logistic regression - 2022-11-28 22:11:51;
INFO - Modelo KNeighborsClassifier - 2022-11-28 22:11:51;
INFO - Modelo SVM - 2022-11-28 22:11:51;
INFO - Modelo Decision Tree - 2022-11-28 22:11:51;
INFO - Modelo Random Forest - 2022-11-28 22:11:51;
INFO - FE cargado exitosamente - 2022-11-28 22:12:06;
INFO - Dataset cargado exitosamente - 2022-11-28 22:12:06;
INFO - Variables transformadas a objetos exitosamente. - 2022-11-28 22:12:06;
INFO - Split de la data - 2022-11-28 22:12:06;
INFO - Modulo de FE utilizado exitosamente - 2022-11-28 22:12:06;
INFO - Modelo Logistic regression - 2022-11-28 22:12:06;
INFO - Modelo KNeighborsClassifier - 2022-11-28 22:12:06;
INFO - Modelo SVM - 2022-11-28 22:12:06;
INFO - Modelo Decision Tree - 2022-11-28 22:12:06;
INFO - Modelo Random Forest - 2022-11-28 22:12:06;
INFO - Parametros obtenidos y transformados exitosamente. - 2022-11-28 22:12:06;
INFO - FE cargado exitosamente - 2022-11-28 22:13:17;
INFO - Dataset cargado exitosamente - 2022-11-28 22:13:17;
INFO - Variables transformadas a objetos exitosamente. - 2022-11-28 22:13:17;
INFO - Split de la data - 2022-11-28 22:13:17;
INFO - Modulo de FE utilizado exitosamente - 2022-11-28 22:13:17;
INFO - Modelo Logistic regression - 2022-11-28 22:13:17;
INFO - Modelo KNeighborsClassifier - 2022-11-28 22:13:17;
INFO - Modelo SVM - 2022-11-28 22:13:17;
INFO - Modelo Decision Tree - 2022-11-28 22:13:17;
INFO - Modelo Random Forest - 2022-11-28 22:13:18;
INFO - Parametros obtenidos y transformados exitosamente. - 2022-11-28 22:13:18;
INFO - FE cargado exitosamente - 2022-11-28 22:14:05;
INFO - Dataset cargado exitosamente - 2022-11-28 22:14:05;
INFO - Variables transformadas a objetos exitosamente. - 2022-11-28 22:14:05;
INFO - Split de la data - 2022-11-28 22:14:05;
INFO - Modulo de FE utilizado exitosamente - 2022-11-28 22:14:05;
INFO - Modelo Logistic regression - 2022-11-28 22:14:05;
INFO - Modelo KNeighborsClassifier - 2022-11-28 22:14:05;
INFO - Modelo SVM - 2022-11-28 22:14:05;
INFO - Modelo Decision Tree - 2022-11-28 22:14:05;
INFO - Modelo Random Forest - 2022-11-28 22:14:05;
INFO - Parametros obtenidos y transformados exitosamente. - 2022-11-28 22:14:05;
INFO - FE cargado exitosamente - 2022-11-28 22:16:29;
INFO - Dataset cargado exitosamente - 2022-11-28 22:16:29;
INFO - Variables transformadas a objetos exitosamente. - 2022-11-28 22:16:29;
INFO - Split de la data - 2022-11-28 22:16:29;
INFO - Modulo de FE utilizado exitosamente - 2022-11-28 22:16:29;
INFO - Modelo Logistic regression - 2022-11-28 22:16:29;
INFO - Modelo KNeighborsClassifier - 2022-11-28 22:16:30;
INFO - Modelo SVM - 2022-11-28 22:16:30;
INFO - Modelo Decision Tree - 2022-11-28 22:16:30;
INFO - Modelo Random Forest - 2022-11-28 22:16:30;
INFO - Parametros obtenidos y transformados exitosamente. - 2022-11-28 22:16:30;
INFO - FE cargado exitosamente - 2022-11-28 22:17:15;
INFO - Dataset cargado exitosamente - 2022-11-28 22:17:15;
INFO - Variables transformadas a objetos exitosamente. - 2022-11-28 22:17:15;
INFO - Split de la data - 2022-11-28 22:17:15;
INFO - Modulo de FE utilizado exitosamente - 2022-11-28 22:17:15;
INFO - Modelo Logistic regression - 2022-11-28 22:17:15;
INFO - Modelo KNeighborsClassifier - 2022-11-28 22:17:15;
INFO - Modelo SVM - 2022-11-28 22:17:15;
INFO - Modelo Decision Tree - 2022-11-28 22:17:15;
INFO - Modelo Random Forest - 2022-11-28 22:17:15;
INFO - Parametros obtenidos y transformados exitosamente. - 2022-11-28 22:17:15;
INFO - FE cargado exitosamente - 2022-11-28 22:18:28;
INFO - Dataset cargado exitosamente - 2022-11-28 22:18:28;
INFO - Variables transformadas a objetos exitosamente. - 2022-11-28 22:18:28;
INFO - Split de la data - 2022-11-28 22:18:28;
INFO - Modulo de FE utilizado exitosamente - 2022-11-28 22:18:28;
INFO - Modelo Logistic regression - 2022-11-28 22:18:28;
INFO - Modelo KNeighborsClassifier - 2022-11-28 22:18:28;
INFO - Modelo SVM - 2022-11-28 22:18:28;
INFO - Modelo Decision Tree - 2022-11-28 22:18:28;
INFO - Modelo Random Forest - 2022-11-28 22:18:28;
INFO - Parametros obtenidos y transformados exitosamente. - 2022-11-28 22:18:28;
INFO - FE cargado exitosamente - 2022-11-28 22:20:12;
INFO - Dataset cargado exitosamente - 2022-11-28 22:20:12;
INFO - Variables transformadas a objetos exitosamente. - 2022-11-28 22:20:12;
INFO - Split de la data - 2022-11-28 22:20:12;
INFO - Modulo de FE utilizado exitosamente - 2022-11-28 22:20:12;
INFO - Modelo Logistic regression - 2022-11-28 22:20:12;
INFO - Modelo KNeighborsClassifier - 2022-11-28 22:20:12;
INFO - Modelo SVM - 2022-11-28 22:20:12;
INFO - Modelo Decision Tree - 2022-11-28 22:20:12;
INFO - Modelo Random Forest - 2022-11-28 22:20:12;
INFO - FE cargado exitosamente - 2022-11-28 22:20:53;
INFO - Dataset cargado exitosamente - 2022-11-28 22:20:53;
INFO - Variables transformadas a objetos exitosamente. - 2022-11-28 22:20:53;
INFO - Split de la data - 2022-11-28 22:20:53;
INFO - Modulo de FE utilizado exitosamente - 2022-11-28 22:20:53;
INFO - Modelo Logistic regression - 2022-11-28 22:20:53;
INFO - Modelo KNeighborsClassifier - 2022-11-28 22:20:53;
INFO - Modelo SVM - 2022-11-28 22:20:53;
INFO - Modelo Decision Tree - 2022-11-28 22:20:53;
INFO - Modelo Random Forest - 2022-11-28 22:20:53;
INFO - Parametros obtenidos y transformados exitosamente. - 2022-11-28 22:20:53;
INFO - FE cargado exitosamente - 2022-11-28 22:22:29;
INFO - Dataset cargado exitosamente - 2022-11-28 22:22:29;
INFO - Variables transformadas a objetos exitosamente. - 2022-11-28 22:22:29;
INFO - Split de la data - 2022-11-28 22:22:29;
INFO - Modulo de FE utilizado exitosamente - 2022-11-28 22:22:29;
INFO - Modelo Logistic regression - 2022-11-28 22:22:29;
INFO - Modelo KNeighborsClassifier - 2022-11-28 22:22:29;
INFO - Modelo SVM - 2022-11-28 22:22:29;
INFO - Modelo Decision Tree - 2022-11-28 22:22:29;
INFO - Modelo Random Forest - 2022-11-28 22:22:29;
INFO - Parametros obtenidos y transformados exitosamente. - 2022-11-28 22:22:30;
INFO - FE cargado exitosamente - 2022-11-28 22:24:02;
INFO - Dataset cargado exitosamente - 2022-11-28 22:24:02;
INFO - Variables transformadas a objetos exitosamente. - 2022-11-28 22:24:02;
INFO - Split de la data - 2022-11-28 22:24:02;
INFO - Modulo de FE utilizado exitosamente - 2022-11-28 22:24:02;
INFO - Modelo Logistic regression - 2022-11-28 22:24:02;
INFO - Modelo KNeighborsClassifier - 2022-11-28 22:24:02;
INFO - Modelo SVM - 2022-11-28 22:24:02;
INFO - Modelo Decision Tree - 2022-11-28 22:24:02;
INFO - Modelo Random Forest - 2022-11-28 22:24:02;
INFO - FE cargado exitosamente - 2022-11-28 22:24:55;
INFO - Dataset cargado exitosamente - 2022-11-28 22:24:55;
INFO - Variables transformadas a objetos exitosamente. - 2022-11-28 22:24:55;
INFO - Split de la data - 2022-11-28 22:24:55;
INFO - Modulo de FE utilizado exitosamente - 2022-11-28 22:24:56;
INFO - Modelo Logistic regression - 2022-11-28 22:24:56;
INFO - Modelo KNeighborsClassifier - 2022-11-28 22:24:56;
INFO - Modelo SVM - 2022-11-28 22:24:56;
INFO - Modelo Decision Tree - 2022-11-28 22:24:56;
INFO - Modelo Random Forest - 2022-11-28 22:24:56;
INFO - Parametros obtenidos y transformados exitosamente. - 2022-11-28 22:24:56;
INFO - FE cargado exitosamente - 2022-11-28 22:26:06;
INFO - Dataset cargado exitosamente - 2022-11-28 22:26:06;
INFO - Variables transformadas a objetos exitosamente. - 2022-11-28 22:26:06;
INFO - Split de la data - 2022-11-28 22:26:06;
INFO - Modulo de FE utilizado exitosamente - 2022-11-28 22:26:06;
INFO - Modelo Logistic regression - 2022-11-28 22:26:06;
INFO - Modelo KNeighborsClassifier - 2022-11-28 22:26:06;
INFO - Modelo SVM - 2022-11-28 22:26:06;
INFO - Modelo Decision Tree - 2022-11-28 22:26:06;
INFO - Modelo Random Forest - 2022-11-28 22:26:06;
INFO - Parametros obtenidos y transformados exitosamente. - 2022-11-28 22:26:06;
INFO - FE cargado exitosamente - 2022-11-28 22:26:48;
INFO - Dataset cargado exitosamente - 2022-11-28 22:26:48;
INFO - Variables transformadas a objetos exitosamente. - 2022-11-28 22:26:48;
INFO - Split de la data - 2022-11-28 22:26:48;
INFO - Modulo de FE utilizado exitosamente - 2022-11-28 22:26:48;
INFO - Modelo Logistic regression - 2022-11-28 22:26:48;
INFO - Modelo KNeighborsClassifier - 2022-11-28 22:26:48;
INFO - Modelo SVM - 2022-11-28 22:26:48;
INFO - Modelo Decision Tree - 2022-11-28 22:26:48;
INFO - Modelo Random Forest - 2022-11-28 22:26:48;
INFO - FE cargado exitosamente - 2022-11-28 22:27:39;
INFO - Dataset cargado exitosamente - 2022-11-28 22:27:39;
INFO - Variables transformadas a objetos exitosamente. - 2022-11-28 22:27:39;
INFO - Split de la data - 2022-11-28 22:27:39;
INFO - Modulo de FE utilizado exitosamente - 2022-11-28 22:27:39;
INFO - Modelo Logistic regression - 2022-11-28 22:27:39;
INFO - Modelo KNeighborsClassifier - 2022-11-28 22:27:39;
INFO - Modelo SVM - 2022-11-28 22:27:39;
INFO - Modelo Decision Tree - 2022-11-28 22:27:39;
INFO - Modelo Random Forest - 2022-11-28 22:27:39;
INFO - Parametros obtenidos y transformados exitosamente. - 2022-11-28 22:27:39;
INFO - FE cargado exitosamente - 2022-11-28 22:28:14;
INFO - Dataset cargado exitosamente - 2022-11-28 22:28:14;
INFO - Variables transformadas a objetos exitosamente. - 2022-11-28 22:28:14;
INFO - Split de la data - 2022-11-28 22:28:14;
INFO - Modulo de FE utilizado exitosamente - 2022-11-28 22:28:14;
INFO - Modelo Logistic regression - 2022-11-28 22:28:14;
INFO - Modelo KNeighborsClassifier - 2022-11-28 22:28:14;
INFO - Modelo SVM - 2022-11-28 22:28:14;
INFO - Modelo Decision Tree - 2022-11-28 22:28:14;
INFO - Modelo Random Forest - 2022-11-28 22:28:14;
INFO - Parametros obtenidos y transformados exitosamente. - 2022-11-28 22:28:14;
INFO - FE cargado exitosamente - 2022-11-28 22:29:08;
INFO - Dataset cargado exitosamente - 2022-11-28 22:29:08;
INFO - Variables transformadas a objetos exitosamente. - 2022-11-28 22:29:08;
INFO - Split de la data - 2022-11-28 22:29:08;
INFO - Modulo de FE utilizado exitosamente - 2022-11-28 22:29:08;
INFO - Modelo Logistic regression - 2022-11-28 22:29:08;
INFO - Modelo KNeighborsClassifier - 2022-11-28 22:29:08;
INFO - Modelo SVM - 2022-11-28 22:29:08;
INFO - Modelo Decision Tree - 2022-11-28 22:29:08;
INFO - Modelo Random Forest - 2022-11-28 22:29:08;
INFO - Parametros obtenidos y transformados exitosamente. - 2022-11-28 22:29:08;
INFO - FE cargado exitosamente - 2022-11-29 21:01:11;
INFO - Dataset cargado exitosamente - 2022-11-29 21:01:11;
INFO - Variables transformadas a objetos exitosamente. - 2022-11-29 21:01:11;
INFO - Split de la data - 2022-11-29 21:01:11;
INFO - Modulo de FE utilizado exitosamente - 2022-11-29 21:01:11;
INFO - Modelo Logistic regression - 2022-11-29 21:01:11;
INFO - Modelo KNeighborsClassifier - 2022-11-29 21:01:12;
INFO - Modelo SVM - 2022-11-29 21:01:12;
INFO - Modelo Decision Tree - 2022-11-29 21:01:12;
INFO - Modelo Random Forest - 2022-11-29 21:01:12;
INFO - Parametros obtenidos y transformados exitosamente. - 2022-11-29 21:01:12;
INFO - FE cargado exitosamente - 2022-11-29 21:07:06;
INFO - Dataset cargado exitosamente - 2022-11-29 21:07:06;
INFO - Variables transformadas a objetos exitosamente. - 2022-11-29 21:07:06;
INFO - Split de la data - 2022-11-29 21:07:06;
INFO - Modulo de FE utilizado exitosamente - 2022-11-29 21:07:06;
INFO - Modelo Logistic regression - 2022-11-29 21:07:06;
INFO - Modelo KNeighborsClassifier - 2022-11-29 21:07:07;
INFO - Modelo SVM - 2022-11-29 21:07:07;
INFO - Modelo Decision Tree - 2022-11-29 21:07:07;
INFO - Modelo Random Forest - 2022-11-29 21:07:07;
INFO - Parametros obtenidos y transformados exitosamente. - 2022-11-29 21:07:07;
INFO - FE cargado exitosamente - 2022-11-29 21:17:51;
INFO - Dataset cargado exitosamente - 2022-11-29 21:17:51;
INFO - Variables transformadas a objetos exitosamente. - 2022-11-29 21:17:51;
INFO - Split de la data - 2022-11-29 21:17:51;
INFO - Modulo de FE utilizado exitosamente - 2022-11-29 21:17:51;
INFO - Modelo Logistic regression - 2022-11-29 21:17:51;
INFO - Modelo KNeighborsClassifier - 2022-11-29 21:17:51;
INFO - Modelo SVM - 2022-11-29 21:17:51;
INFO - Modelo Decision Tree - 2022-11-29 21:17:51;
INFO - Modelo Random Forest - 2022-11-29 21:17:51;
INFO - Parametros obtenidos y transformados exitosamente. - 2022-11-29 21:17:51;
INFO - FE cargado exitosamente - 2022-11-29 21:19:08;
INFO - Dataset cargado exitosamente - 2022-11-29 21:19:08;
INFO - Variables transformadas a objetos exitosamente. - 2022-11-29 21:19:08;
INFO - Split de la data - 2022-11-29 21:19:08;
INFO - Modulo de FE utilizado exitosamente - 2022-11-29 21:19:08;
INFO - Modelo Logistic regression - 2022-11-29 21:19:08;
INFO - Modelo KNeighborsClassifier - 2022-11-29 21:19:08;
INFO - Modelo SVM - 2022-11-29 21:19:08;
INFO - Modelo Decision Tree - 2022-11-29 21:19:08;
INFO - Modelo Random Forest - 2022-11-29 21:19:08;
INFO - Parametros obtenidos y transformados exitosamente. - 2022-11-29 21:19:08;
INFO - FE cargado exitosamente - 2022-11-29 21:24:32;
INFO - Dataset cargado exitosamente - 2022-11-29 21:24:32;
INFO - Variables transformadas a objetos exitosamente. - 2022-11-29 21:24:32;
INFO - Split de la data - 2022-11-29 21:24:32;
INFO - Modulo de FE utilizado exitosamente - 2022-11-29 21:24:32;
INFO - Modelo Logistic regression - 2022-11-29 21:24:32;
INFO - Modelo KNeighborsClassifier - 2022-11-29 21:24:32;
INFO - Modelo SVM - 2022-11-29 21:24:32;
INFO - Modelo Decision Tree - 2022-11-29 21:24:32;
INFO - Modelo Random Forest - 2022-11-29 21:24:32;
INFO - Parametros obtenidos y transformados exitosamente. - 2022-11-29 21:24:32;
INFO - FE cargado exitosamente - 2022-11-29 21:26:58;
INFO - Dataset cargado exitosamente - 2022-11-29 21:26:58;
INFO - Variables transformadas a objetos exitosamente. - 2022-11-29 21:26:58;
INFO - Split de la data - 2022-11-29 21:26:58;
INFO - Modulo de FE utilizado exitosamente - 2022-11-29 21:26:59;
INFO - Modelo Logistic regression - 2022-11-29 21:26:59;
INFO - Modelo KNeighborsClassifier - 2022-11-29 21:26:59;
INFO - Modelo SVM - 2022-11-29 21:26:59;
INFO - Modelo Decision Tree - 2022-11-29 21:26:59;
INFO - Modelo Random Forest - 2022-11-29 21:26:59;
INFO - Parametros obtenidos y transformados exitosamente. - 2022-11-29 21:26:59;
INFO - FE cargado exitosamente - 2022-11-29 21:27:31;
INFO - Dataset cargado exitosamente - 2022-11-29 21:27:31;
INFO - Variables transformadas a objetos exitosamente. - 2022-11-29 21:27:31;
INFO - Split de la data - 2022-11-29 21:27:31;
INFO - Modulo de FE utilizado exitosamente - 2022-11-29 21:27:31;
INFO - Modelo Logistic regression - 2022-11-29 21:27:31;
INFO - Modelo KNeighborsClassifier - 2022-11-29 21:27:31;
INFO - Modelo SVM - 2022-11-29 21:27:31;
INFO - Modelo Decision Tree - 2022-11-29 21:27:31;
INFO - Modelo Random Forest - 2022-11-29 21:27:31;
INFO - Parametros obtenidos y transformados exitosamente. - 2022-11-29 21:27:31;
INFO - FE cargado exitosamente - 2022-11-29 21:27:43;
INFO - Dataset cargado exitosamente - 2022-11-29 21:27:43;
INFO - Variables transformadas a objetos exitosamente. - 2022-11-29 21:27:43;
INFO - Split de la data - 2022-11-29 21:27:43;
INFO - Modulo de FE utilizado exitosamente - 2022-11-29 21:27:43;
INFO - Modelo Logistic regression - 2022-11-29 21:27:43;
INFO - Modelo KNeighborsClassifier - 2022-11-29 21:27:43;
INFO - Modelo SVM - 2022-11-29 21:27:43;
INFO - Modelo Decision Tree - 2022-11-29 21:27:43;
INFO - Modelo Random Forest - 2022-11-29 21:27:43;
INFO - Parametros obtenidos y transformados exitosamente. - 2022-11-29 21:27:43;
INFO - FE cargado exitosamente - 2022-11-29 21:30:18;
INFO - Dataset cargado exitosamente - 2022-11-29 21:30:18;
INFO - Variables transformadas a objetos exitosamente. - 2022-11-29 21:30:18;
INFO - Split de la data - 2022-11-29 21:30:18;
INFO - Modulo de FE utilizado exitosamente - 2022-11-29 21:30:18;
INFO - Modelo Logistic regression - 2022-11-29 21:30:18;
INFO - Modelo KNeighborsClassifier - 2022-11-29 21:30:18;
INFO - Modelo SVM - 2022-11-29 21:30:18;
INFO - Modelo Decision Tree - 2022-11-29 21:30:18;
INFO - Modelo Random Forest - 2022-11-29 21:30:18;
INFO - Parametros obtenidos y transformados exitosamente. - 2022-11-29 21:30:18;
INFO - FE cargado exitosamente - 2022-11-29 21:31:14;
INFO - Dataset cargado exitosamente - 2022-11-29 21:31:14;
INFO - Variables transformadas a objetos exitosamente. - 2022-11-29 21:31:14;
INFO - Split de la data - 2022-11-29 21:31:14;
INFO - Modulo de FE utilizado exitosamente - 2022-11-29 21:31:14;
INFO - Modelo Logistic regression - 2022-11-29 21:31:14;
INFO - Modelo KNeighborsClassifier - 2022-11-29 21:31:14;
INFO - Modelo SVM - 2022-11-29 21:31:14;
INFO - Modelo Decision Tree - 2022-11-29 21:31:14;
INFO - Modelo Random Forest - 2022-11-29 21:31:15;
INFO - Parametros obtenidos y transformados exitosamente. - 2022-11-29 21:31:15;
INFO - FE cargado exitosamente - 2022-11-29 21:33:59;
INFO - Dataset cargado exitosamente - 2022-11-29 21:33:59;
INFO - Variables transformadas a objetos exitosamente. - 2022-11-29 21:33:59;
INFO - Split de la data - 2022-11-29 21:33:59;
INFO - Modulo de FE utilizado exitosamente - 2022-11-29 21:33:59;
INFO - Modelo Logistic regression - 2022-11-29 21:33:59;
INFO - Modelo KNeighborsClassifier - 2022-11-29 21:33:59;
INFO - Modelo SVM - 2022-11-29 21:33:59;
INFO - Modelo Decision Tree - 2022-11-29 21:33:59;
INFO - Modelo Random Forest - 2022-11-29 21:33:59;
INFO - Parametros obtenidos y transformados exitosamente. - 2022-11-29 21:33:59;
INFO - FE cargado exitosamente - 2022-11-29 21:34:17;
INFO - Dataset cargado exitosamente - 2022-11-29 21:34:17;
INFO - Variables transformadas a objetos exitosamente. - 2022-11-29 21:34:17;
INFO - Split de la data - 2022-11-29 21:34:17;
INFO - Modulo de FE utilizado exitosamente - 2022-11-29 21:34:17;
INFO - Modelo Logistic regression - 2022-11-29 21:34:17;
INFO - Modelo KNeighborsClassifier - 2022-11-29 21:34:17;
INFO - Modelo SVM - 2022-11-29 21:34:17;
INFO - Modelo Decision Tree - 2022-11-29 21:34:17;
INFO - Modelo Random Forest - 2022-11-29 21:34:17;
INFO - Parametros obtenidos y transformados exitosamente. - 2022-11-29 21:34:17;
INFO - FE cargado exitosamente - 2022-11-29 21:34:42;
INFO - Dataset cargado exitosamente - 2022-11-29 21:34:42;
INFO - Variables transformadas a objetos exitosamente. - 2022-11-29 21:34:42;
INFO - Split de la data - 2022-11-29 21:34:42;
INFO - Modulo de FE utilizado exitosamente - 2022-11-29 21:34:42;
INFO - Modelo Logistic regression - 2022-11-29 21:34:42;
INFO - Modelo KNeighborsClassifier - 2022-11-29 21:34:42;
INFO - Modelo SVM - 2022-11-29 21:34:42;
INFO - Modelo Decision Tree - 2022-11-29 21:34:42;
INFO - Modelo Random Forest - 2022-11-29 21:34:42;
INFO - Parametros obtenidos y transformados exitosamente. - 2022-11-29 21:34:42;
INFO - FE cargado exitosamente - 2022-11-29 21:35:06;
INFO - Dataset cargado exitosamente - 2022-11-29 21:35:06;
INFO - Variables transformadas a objetos exitosamente. - 2022-11-29 21:35:06;
INFO - Split de la data - 2022-11-29 21:35:06;
INFO - Modulo de FE utilizado exitosamente - 2022-11-29 21:35:06;
INFO - Modelo Logistic regression - 2022-11-29 21:35:06;
INFO - Modelo KNeighborsClassifier - 2022-11-29 21:35:06;
INFO - Modelo SVM - 2022-11-29 21:35:06;
INFO - Modelo Decision Tree - 2022-11-29 21:35:06;
INFO - Modelo Random Forest - 2022-11-29 21:35:06;
INFO - Parametros obtenidos y transformados exitosamente. - 2022-11-29 21:35:06;
INFO - FE cargado exitosamente - 2022-11-29 21:35:32;
INFO - Dataset cargado exitosamente - 2022-11-29 21:35:32;
INFO - Variables transformadas a objetos exitosamente. - 2022-11-29 21:35:32;
INFO - Split de la data - 2022-11-29 21:35:32;
INFO - Modulo de FE utilizado exitosamente - 2022-11-29 21:35:32;
INFO - Modelo Logistic regression - 2022-11-29 21:35:32;
INFO - Modelo KNeighborsClassifier - 2022-11-29 21:35:32;
INFO - Modelo SVM - 2022-11-29 21:35:32;
INFO - Modelo Decision Tree - 2022-11-29 21:35:32;
INFO - Modelo Random Forest - 2022-11-29 21:35:32;
INFO - Parametros obtenidos y transformados exitosamente. - 2022-11-29 21:35:32;
INFO - FE cargado exitosamente - 2022-11-29 21:35:55;
INFO - Dataset cargado exitosamente - 2022-11-29 21:35:55;
INFO - Variables transformadas a objetos exitosamente. - 2022-11-29 21:35:55;
INFO - Split de la data - 2022-11-29 21:35:55;
INFO - Modulo de FE utilizado exitosamente - 2022-11-29 21:35:55;
INFO - Modelo Logistic regression - 2022-11-29 21:35:55;
INFO - Modelo KNeighborsClassifier - 2022-11-29 21:35:55;
INFO - Modelo SVM - 2022-11-29 21:35:55;
INFO - Modelo Decision Tree - 2022-11-29 21:35:55;
INFO - Modelo Random Forest - 2022-11-29 21:35:55;
INFO - Parametros obtenidos y transformados exitosamente. - 2022-11-29 21:35:55;
INFO - FE cargado exitosamente - 2022-11-29 21:40:35;
INFO - Dataset cargado exitosamente - 2022-11-29 21:40:35;
INFO - Variables transformadas a objetos exitosamente. - 2022-11-29 21:40:35;
INFO - Split de la data - 2022-11-29 21:40:35;
INFO - Modulo de FE utilizado exitosamente - 2022-11-29 21:40:35;
INFO - Modelo Logistic regression - 2022-11-29 21:40:36;
INFO - Modelo KNeighborsClassifier - 2022-11-29 21:40:36;
INFO - Modelo SVM - 2022-11-29 21:40:36;
INFO - Modelo Decision Tree - 2022-11-29 21:40:36;
INFO - Modelo Random Forest - 2022-11-29 21:40:36;
INFO - Parametros obtenidos y transformados exitosamente. - 2022-11-29 21:40:36;
INFO - FE cargado exitosamente - 2022-11-29 21:40:48;
INFO - Dataset cargado exitosamente - 2022-11-29 21:40:48;
INFO - Variables transformadas a objetos exitosamente. - 2022-11-29 21:40:48;
INFO - Split de la data - 2022-11-29 21:40:48;
INFO - Modulo de FE utilizado exitosamente - 2022-11-29 21:40:48;
INFO - Modelo Logistic regression - 2022-11-29 21:40:48;
INFO - Modelo KNeighborsClassifier - 2022-11-29 21:40:48;
INFO - Modelo SVM - 2022-11-29 21:40:48;
INFO - Modelo Decision Tree - 2022-11-29 21:40:48;
INFO - Modelo Random Forest - 2022-11-29 21:40:48;
INFO - Parametros obtenidos y transformados exitosamente. - 2022-11-29 21:40:48;
INFO - FE cargado exitosamente - 2022-11-29 21:42:04;
INFO - Dataset cargado exitosamente - 2022-11-29 21:42:05;
INFO - Variables transformadas a objetos exitosamente. - 2022-11-29 21:42:05;
INFO - Split de la data - 2022-11-29 21:42:05;
INFO - Modulo de FE utilizado exitosamente - 2022-11-29 21:42:05;
INFO - Modelo Logistic regression - 2022-11-29 21:42:05;
INFO - Modelo KNeighborsClassifier - 2022-11-29 21:42:05;
INFO - Modelo SVM - 2022-11-29 21:42:05;
INFO - Modelo Decision Tree - 2022-11-29 21:42:05;
INFO - Modelo Random Forest - 2022-11-29 21:42:05;
INFO - Parametros obtenidos y transformados exitosamente. - 2022-11-29 21:42:05;
INFO - FE cargado exitosamente - 2022-11-29 21:43:31;
INFO - Dataset cargado exitosamente - 2022-11-29 21:43:31;
INFO - Variables transformadas a objetos exitosamente. - 2022-11-29 21:43:31;
INFO - Split de la data - 2022-11-29 21:43:31;
INFO - Modulo de FE utilizado exitosamente - 2022-11-29 21:43:31;
INFO - Modelo Logistic regression - 2022-11-29 21:43:31;
INFO - Modelo KNeighborsClassifier - 2022-11-29 21:43:31;
INFO - Modelo SVM - 2022-11-29 21:43:31;
INFO - Modelo Decision Tree - 2022-11-29 21:43:31;
INFO - Modelo Random Forest - 2022-11-29 21:43:31;
INFO - FE cargado exitosamente - 2022-11-29 21:43:50;
INFO - Dataset cargado exitosamente - 2022-11-29 21:43:50;
INFO - Variables transformadas a objetos exitosamente. - 2022-11-29 21:43:50;
INFO - Split de la data - 2022-11-29 21:43:50;
INFO - Modulo de FE utilizado exitosamente - 2022-11-29 21:43:50;
INFO - Modelo Logistic regression - 2022-11-29 21:43:50;
INFO - Modelo KNeighborsClassifier - 2022-11-29 21:43:50;
INFO - Modelo SVM - 2022-11-29 21:43:50;
INFO - Modelo Decision Tree - 2022-11-29 21:43:50;
INFO - Modelo Random Forest - 2022-11-29 21:43:51;
INFO - FE cargado exitosamente - 2022-11-29 21:44:20;
INFO - Dataset cargado exitosamente - 2022-11-29 21:44:20;
INFO - Variables transformadas a objetos exitosamente. - 2022-11-29 21:44:20;
INFO - Split de la data - 2022-11-29 21:44:20;
INFO - Modulo de FE utilizado exitosamente - 2022-11-29 21:44:20;
INFO - Modelo Logistic regression - 2022-11-29 21:44:20;
INFO - Modelo KNeighborsClassifier - 2022-11-29 21:44:20;
INFO - Modelo SVM - 2022-11-29 21:44:20;
INFO - Modelo Decision Tree - 2022-11-29 21:44:20;
INFO - Modelo Random Forest - 2022-11-29 21:44:20;
INFO - Parametros obtenidos y transformados exitosamente. - 2022-11-29 21:44:20;
ERROR - Se ha producido un error - 2022-11-29 21:44:20;
INFO - FE cargado exitosamente - 2022-11-29 21:44:28;
INFO - Dataset cargado exitosamente - 2022-11-29 21:44:28;
INFO - Variables transformadas a objetos exitosamente. - 2022-11-29 21:44:28;
INFO - Split de la data - 2022-11-29 21:44:28;
INFO - Modulo de FE utilizado exitosamente - 2022-11-29 21:44:28;
INFO - Modelo Logistic regression - 2022-11-29 21:44:28;
INFO - Modelo KNeighborsClassifier - 2022-11-29 21:44:28;
INFO - Modelo SVM - 2022-11-29 21:44:28;
INFO - Modelo Decision Tree - 2022-11-29 21:44:28;
INFO - Modelo Random Forest - 2022-11-29 21:44:28;
INFO - Parametros obtenidos y transformados exitosamente. - 2022-11-29 21:44:28;
ERROR - Se ha producido un error - 2022-11-29 21:44:29;
INFO - FE cargado exitosamente - 2022-11-29 21:44:43;
INFO - Dataset cargado exitosamente - 2022-11-29 21:44:43;
INFO - Variables transformadas a objetos exitosamente. - 2022-11-29 21:44:43;
INFO - Split de la data - 2022-11-29 21:44:43;
INFO - Modulo de FE utilizado exitosamente - 2022-11-29 21:44:43;
INFO - Modelo Logistic regression - 2022-11-29 21:44:43;
INFO - Modelo KNeighborsClassifier - 2022-11-29 21:44:43;
INFO - Modelo SVM - 2022-11-29 21:44:43;
INFO - Modelo Decision Tree - 2022-11-29 21:44:43;
INFO - Modelo Random Forest - 2022-11-29 21:44:43;
INFO - Parametros obtenidos y transformados exitosamente. - 2022-11-29 21:44:43;
INFO - FE cargado exitosamente - 2022-12-04 15:58:29;
INFO - Dataset cargado exitosamente - 2022-12-04 15:58:30;
INFO - Variables transformadas a objetos exitosamente. - 2022-12-04 15:58:30;
INFO - Split de la data - 2022-12-04 15:58:30;
INFO - Modulo de FE utilizado exitosamente - 2022-12-04 15:58:30;
INFO - Modelo Logistic regression - 2022-12-04 15:58:30;
INFO - Modelo KNeighborsClassifier - 2022-12-04 15:58:31;
INFO - Modelo SVM - 2022-12-04 15:58:31;
INFO - Modelo Decision Tree - 2022-12-04 15:58:31;
INFO - Modelo Random Forest - 2022-12-04 15:58:31;
INFO - Parametros obtenidos y transformados exitosamente. - 2022-12-04 15:58:31;
INFO - FE cargado exitosamente - 2022-12-04 16:09:22;
INFO - Dataset cargado exitosamente - 2022-12-04 16:09:22;
INFO - Variables transformadas a objetos exitosamente. - 2022-12-04 16:09:22;
INFO - Split de la data - 2022-12-04 16:09:22;
INFO - Modulo de FE utilizado exitosamente - 2022-12-04 16:09:22;
INFO - Modelo Logistic regression - 2022-12-04 16:09:22;
INFO - Modelo KNeighborsClassifier - 2022-12-04 16:09:22;
INFO - Modelo SVM - 2022-12-04 16:09:22;
INFO - Modelo Decision Tree - 2022-12-04 16:09:22;
INFO - Modelo Random Forest - 2022-12-04 16:09:22;
INFO - Parametros obtenidos y transformados exitosamente. - 2022-12-04 16:09:22;
INFO - FE cargado exitosamente - 2022-12-04 16:10:44;
INFO - Dataset cargado exitosamente - 2022-12-04 16:10:44;
INFO - Variables transformadas a objetos exitosamente. - 2022-12-04 16:10:44;
INFO - Split de la data - 2022-12-04 16:10:44;
INFO - Modulo de FE utilizado exitosamente - 2022-12-04 16:10:44;
INFO - Modelo Logistic regression - 2022-12-04 16:10:44;
INFO - Modelo KNeighborsClassifier - 2022-12-04 16:10:44;
INFO - Modelo SVM - 2022-12-04 16:10:44;
INFO - Modelo Decision Tree - 2022-12-04 16:10:44;
INFO - Modelo Random Forest - 2022-12-04 16:10:44;
INFO - Parametros obtenidos y transformados exitosamente. - 2022-12-04 16:10:44;
INFO - FE cargado exitosamente - 2022-12-04 16:11:44;
INFO - Dataset cargado exitosamente - 2022-12-04 16:11:44;
INFO - Variables transformadas a objetos exitosamente. - 2022-12-04 16:11:44;
INFO - Split de la data - 2022-12-04 16:11:44;
INFO - Modulo de FE utilizado exitosamente - 2022-12-04 16:11:44;
INFO - Modelo Logistic regression - 2022-12-04 16:11:44;
INFO - Modelo KNeighborsClassifier - 2022-12-04 16:11:44;
INFO - Modelo SVM - 2022-12-04 16:11:44;
INFO - Modelo Decision Tree - 2022-12-04 16:11:44;
INFO - Modelo Random Forest - 2022-12-04 16:11:44;
INFO - Parametros obtenidos y transformados exitosamente. - 2022-12-04 16:11:44;
INFO - FE cargado exitosamente - 2022-12-04 16:11:58;
INFO - Dataset cargado exitosamente - 2022-12-04 16:11:58;
INFO - Variables transformadas a objetos exitosamente. - 2022-12-04 16:11:58;
INFO - Split de la data - 2022-12-04 16:11:58;
INFO - Modulo de FE utilizado exitosamente - 2022-12-04 16:11:58;
INFO - Modelo Logistic regression - 2022-12-04 16:11:59;
INFO - Modelo KNeighborsClassifier - 2022-12-04 16:11:59;
INFO - Modelo SVM - 2022-12-04 16:11:59;
INFO - Modelo Decision Tree - 2022-12-04 16:11:59;
INFO - Modelo Random Forest - 2022-12-04 16:11:59;
INFO - Parametros obtenidos y transformados exitosamente. - 2022-12-04 16:11:59;
ERROR - Se ha producido un error - 2022-12-04 16:11:59;
INFO - FE cargado exitosamente - 2022-12-04 16:17:17;
INFO - Dataset cargado exitosamente - 2022-12-04 16:17:17;
INFO - Variables transformadas a objetos exitosamente. - 2022-12-04 16:17:17;
INFO - Split de la data - 2022-12-04 16:17:17;
INFO - Modulo de FE utilizado exitosamente - 2022-12-04 16:17:18;
INFO - Modelo Logistic regression - 2022-12-04 16:17:18;
INFO - Modelo KNeighborsClassifier - 2022-12-04 16:17:18;
INFO - Modelo SVM - 2022-12-04 16:17:18;
INFO - Modelo Decision Tree - 2022-12-04 16:17:18;
INFO - Modelo Random Forest - 2022-12-04 16:17:18;
INFO - Parametros obtenidos y transformados exitosamente. - 2022-12-04 16:17:18;
INFO - FE cargado exitosamente - 2022-12-04 16:25:09;
INFO - Dataset cargado exitosamente - 2022-12-04 16:25:09;
INFO - Variables transformadas a objetos exitosamente. - 2022-12-04 16:25:09;
INFO - Split de la data - 2022-12-04 16:25:09;
INFO - Modulo de FE utilizado exitosamente - 2022-12-04 16:25:09;
INFO - Modelo Logistic regression - 2022-12-04 16:25:09;
INFO - Modelo KNeighborsClassifier - 2022-12-04 16:25:09;
INFO - Modelo SVM - 2022-12-04 16:25:09;
INFO - Modelo Decision Tree - 2022-12-04 16:25:09;
INFO - Modelo Random Forest - 2022-12-04 16:25:09;
INFO - Parametros obtenidos y transformados exitosamente. - 2022-12-04 16:25:09;
INFO - FE cargado exitosamente - 2022-12-04 16:26:07;
INFO - Dataset cargado exitosamente - 2022-12-04 16:26:07;
INFO - Variables transformadas a objetos exitosamente. - 2022-12-04 16:26:07;
INFO - Split de la data - 2022-12-04 16:26:07;
INFO - Modulo de FE utilizado exitosamente - 2022-12-04 16:26:07;
INFO - Modelo Logistic regression - 2022-12-04 16:26:07;
INFO - Modelo KNeighborsClassifier - 2022-12-04 16:26:07;
INFO - Modelo SVM - 2022-12-04 16:26:07;
INFO - Modelo Decision Tree - 2022-12-04 16:26:08;
INFO - Modelo Random Forest - 2022-12-04 16:26:08;
INFO - Parametros obtenidos y transformados exitosamente. - 2022-12-04 16:26:08;
ERROR - Se ha producido un error - 2022-12-04 16:26:08;
INFO - FE cargado exitosamente - 2022-12-04 16:26:21;
INFO - Dataset cargado exitosamente - 2022-12-04 16:26:21;
INFO - Variables transformadas a objetos exitosamente. - 2022-12-04 16:26:21;
INFO - Split de la data - 2022-12-04 16:26:21;
INFO - Modulo de FE utilizado exitosamente - 2022-12-04 16:26:21;
INFO - Modelo Logistic regression - 2022-12-04 16:26:21;
INFO - Modelo KNeighborsClassifier - 2022-12-04 16:26:21;
INFO - Modelo SVM - 2022-12-04 16:26:21;
INFO - Modelo Decision Tree - 2022-12-04 16:26:21;
INFO - Modelo Random Forest - 2022-12-04 16:26:21;
INFO - Parametros obtenidos y transformados exitosamente. - 2022-12-04 16:26:21;
